2024-05-08 16:38:48.798 PDT [4188] LOG:  starting PostgreSQL 16.2 (Postgres.app) on aarch64-apple-darwin21.6.0, compiled by Apple clang version 14.0.0 (clang-1400.0.29.102), 64-bit
2024-05-08 16:38:48.800 PDT [4188] LOG:  listening on IPv6 address "::1", port 5432
2024-05-08 16:38:48.800 PDT [4188] LOG:  listening on IPv4 address "127.0.0.1", port 5432
2024-05-08 16:38:48.800 PDT [4188] LOG:  listening on Unix socket "/tmp/.s.PGSQL.5432"
2024-05-08 16:38:48.802 PDT [4192] LOG:  database system was shut down at 2024-05-08 16:38:38 PDT
2024-05-08 16:38:48.805 PDT [4188] LOG:  database system is ready to accept connections
2024-05-08 16:38:48.988 PDT [4196] LOG:  statement: SELECT datname FROM pg_database WHERE datallowconn ORDER BY LOWER(datname)
2024-05-08 16:39:05.124 PDT [4220] LOG:  statement: SELECT datname FROM pg_database WHERE datallowconn ORDER BY LOWER(datname)
2024-05-08 16:43:40.535 PDT [4322] LOG:  statement: BEGIN
2024-05-08 16:43:40.536 PDT [4322] LOG:  statement: 
	                    SELECT * FROM Cars limit 5
	                
2024-05-08 16:43:45.197 PDT [4322] LOG:  unexpected EOF on client connection with an open transaction
2024-05-08 16:43:48.806 PDT [4190] LOG:  checkpoint starting: time
2024-05-08 16:43:48.812 PDT [4190] LOG:  checkpoint complete: wrote 3 buffers (0.0%); 0 WAL file(s) added, 0 removed, 0 recycled; write=0.002 s, sync=0.001 s, total=0.006 s; sync files=2, longest=0.001 s, average=0.001 s; distance=0 kB, estimate=0 kB; lsn=0/41D01A28, redo lsn=0/41D019F0
2024-05-08 16:43:50.047 PDT [4409] LOG:  statement: BEGIN
2024-05-08 16:43:50.047 PDT [4409] LOG:  statement: 
	                    SELECT * FROM Cars limit 5
	                
2024-05-08 16:46:03.932 PDT [4581] LOG:  statement: BEGIN
2024-05-08 16:46:03.933 PDT [4581] LOG:  statement: 
	                    SELECT * FROM Cars limit 5
	                
2024-05-08 16:46:29.385 PDT [4581] LOG:  statement: 
	                    SELECT * FROM Cars WHERE car_id > 1004 limit 5
	                
2024-05-08 16:47:16.415 PDT [4581] LOG:  statement: 
	                    SELECT car_id
	                    FROM Cars
	                    WHERE (make::text like '%Subaru%' and model::text like '%%' and year::text like '%%')
	                
2024-05-08 16:47:16.508 PDT [4581] LOG:  statement: 
	                    SELECT * FROM Cars WHERE car_id = 1567
	                
2024-05-08 16:47:16.509 PDT [4581] LOG:  statement: 
	                    SELECT * FROM Cars WHERE car_id = 1571
	                
2024-05-08 16:47:16.509 PDT [4581] LOG:  statement: 
	                    SELECT * FROM Cars WHERE car_id = 1637
	                
2024-05-08 16:47:16.509 PDT [4581] LOG:  statement: 
	                    SELECT * FROM Cars WHERE car_id = 1672
	                
2024-05-08 16:47:16.509 PDT [4581] LOG:  statement: 
	                    SELECT * FROM Cars WHERE car_id = 1687
	                
2024-05-08 16:47:50.513 PDT [4581] LOG:  statement: 
	                    SELECT * FROM Seller WHERE seller_id = 1067
	                
2024-05-08 16:47:50.517 PDT [4581] LOG:  statement: 
	                    SELECT * FROM Details WHERE detail_id = 568
	                
2024-05-08 16:48:52.286 PDT [4581] LOG:  statement: 
	            SELECT *
	            FROM Users
	            WHERE user_id = '341074'
	        
2024-05-08 16:48:52.288 PDT [4581] LOG:  statement: 
	                INSERT INTO Users VALUES ('341074', 'test2335', 'test', 'test@email.com', 'sparks', 'nevada', '89434', True)
	            
2024-05-08 16:48:52.289 PDT [4581] LOG:  statement: COMMIT
2024-05-08 16:49:04.845 PDT [4581] LOG:  statement: BEGIN
2024-05-08 16:49:04.846 PDT [4581] LOG:  statement: 
	            SELECT *
	            FROM Users
	            WHERE username = 'test2335'
	        
2024-05-08 16:49:04.849 PDT [4581] LOG:  statement: 
	            SELECT *
	            FROM Users
	            WHERE password = 'test'
	        
2024-05-08 16:49:04.850 PDT [4581] LOG:  statement: 
	                    SELECT user_id
	                    FROM Users
	                    WHERE username = 'test2335'
	                
2024-05-08 16:49:28.493 PDT [4581] LOG:  statement: 
	                    SELECT * FROM Users WHERE user_id = '341074'
	                
2024-05-08 16:49:31.277 PDT [4581] LOG:  statement: 
	                UPDATE Users
	                SET username = 'test2335'
	                WHERE user_id = '341074'
	            
2024-05-08 16:49:31.280 PDT [4581] LOG:  statement: COMMIT
2024-05-08 16:49:31.280 PDT [4581] LOG:  statement: BEGIN
2024-05-08 16:49:31.280 PDT [4581] LOG:  statement: 
	                UPDATE Users
	                SET password = 'test'
	                WHERE user_id = '341074'
	            
2024-05-08 16:49:31.280 PDT [4581] LOG:  statement: COMMIT
2024-05-08 16:49:31.281 PDT [4581] LOG:  statement: BEGIN
2024-05-08 16:49:31.281 PDT [4581] LOG:  statement: 
	                UPDATE Users
	                SET email = 'test@email.com'
	                WHERE user_id = '341074'
	            
2024-05-08 16:49:31.281 PDT [4581] LOG:  statement: COMMIT
2024-05-08 16:49:31.281 PDT [4581] LOG:  statement: BEGIN
2024-05-08 16:49:31.281 PDT [4581] LOG:  statement: 
	                UPDATE Users
	                SET city = 'sparks'
	                WHERE user_id = '341074'
	            
2024-05-08 16:49:31.281 PDT [4581] LOG:  statement: COMMIT
2024-05-08 16:49:31.281 PDT [4581] LOG:  statement: BEGIN
2024-05-08 16:49:31.281 PDT [4581] LOG:  statement: 
	                UPDATE Users
	                SET state = 'nevada'
	                WHERE user_id = '341074'
	            
2024-05-08 16:49:31.281 PDT [4581] LOG:  statement: COMMIT
2024-05-08 16:49:31.281 PDT [4581] LOG:  statement: BEGIN
2024-05-08 16:49:31.282 PDT [4581] LOG:  statement: 
	                UPDATE Users
	                SET zip_code = '89434'
	                WHERE user_id = '341074'
	            
2024-05-08 16:49:31.282 PDT [4581] LOG:  statement: COMMIT
2024-05-08 16:49:34.977 PDT [4581] LOG:  statement: BEGIN
2024-05-08 16:49:34.977 PDT [4581] LOG:  statement: 
	                    SELECT * FROM Seller WHERE seller_id = 1067
	                
2024-05-08 16:49:34.978 PDT [4581] LOG:  statement: 
	                    SELECT * FROM Details WHERE detail_id = 568
	                
2024-05-08 16:49:38.041 PDT [4581] LOG:  statement: 
	            SELECT *
	            FROM Purchases
	            WHERE car_id = '1567'
	        
2024-05-08 16:49:38.044 PDT [4581] LOG:  statement: 
	            SELECT *
	            FROM Purchases
	            WHERE purchase_id = '4453623'
	        
2024-05-08 16:49:38.044 PDT [4581] LOG:  statement: 
	                INSERT INTO Purchases VALUES (4453623, 341074, 1567, '2024-05-08')
	            
2024-05-08 16:49:38.045 PDT [4581] LOG:  statement: COMMIT
2024-05-08 16:49:50.676 PDT [4581] LOG:  statement: BEGIN
2024-05-08 16:49:50.676 PDT [4581] LOG:  statement: 
	            SELECT *
	            FROM Purchases
	            WHERE car_id = '1567'
	        
2024-05-08 16:50:06.846 PDT [4581] LOG:  statement: 
	            SELECT *
	            FROM Users
	            WHERE username = 'lucasdavis2335'
	        
2024-05-08 16:50:17.921 PDT [4581] LOG:  statement: 
	            SELECT *
	            FROM Users
	            WHERE username = 'lucas2335'
	        
2024-05-08 16:51:25.173 PDT [4998] LOG:  statement: BEGIN
2024-05-08 16:51:25.173 PDT [4998] LOG:  statement: 
	                    SELECT * FROM Cars limit 5
	                
2024-05-08 16:52:10.880 PDT [4998] LOG:  statement: 
	                    SELECT * FROM Cars WHERE car_id > 1004 limit 5
	                
2024-05-08 16:52:27.880 PDT [4998] LOG:  statement: 
	                    SELECT * FROM Cars WHERE car_id > 999 limit 5
	                
2024-05-08 16:52:49.306 PDT [4998] LOG:  statement: 
	                    SELECT car_id
	                    FROM Cars
	                    WHERE (make::text like '%Subaru%' and model::text like '%%' and year::text like '%%')
	                
2024-05-08 16:52:49.352 PDT [4998] LOG:  statement: 
	                    SELECT * FROM Cars WHERE car_id = 1567
	                
2024-05-08 16:52:49.352 PDT [4998] LOG:  statement: 
	                    SELECT * FROM Cars WHERE car_id = 1571
	                
2024-05-08 16:52:49.352 PDT [4998] LOG:  statement: 
	                    SELECT * FROM Cars WHERE car_id = 1637
	                
2024-05-08 16:52:49.352 PDT [4998] LOG:  statement: 
	                    SELECT * FROM Cars WHERE car_id = 1672
	                
2024-05-08 16:52:49.353 PDT [4998] LOG:  statement: 
	                    SELECT * FROM Cars WHERE car_id = 1687
	                
2024-05-08 16:53:08.978 PDT [4998] LOG:  statement: 
	                    SELECT * FROM Cars WHERE car_id = 1694
	                
2024-05-08 16:53:08.979 PDT [4998] LOG:  statement: 
	                    SELECT * FROM Cars WHERE car_id = 2590
	                
2024-05-08 16:53:08.981 PDT [4998] LOG:  statement: 
	                    SELECT * FROM Cars WHERE car_id = 2612
	                
2024-05-08 16:53:08.981 PDT [4998] LOG:  statement: 
	                    SELECT * FROM Cars WHERE car_id = 2689
	                
2024-05-08 16:53:08.981 PDT [4998] LOG:  statement: 
	                    SELECT * FROM Cars WHERE car_id = 2700
	                
2024-05-08 16:53:37.650 PDT [4998] LOG:  statement: 
	                    SELECT * FROM Cars limit 5
	                
2024-05-08 16:53:48.820 PDT [4190] LOG:  checkpoint starting: time
2024-05-08 16:53:49.332 PDT [4190] LOG:  checkpoint complete: wrote 6 buffers (0.0%); 0 WAL file(s) added, 0 removed, 0 recycled; write=0.508 s, sync=0.001 s, total=0.513 s; sync files=6, longest=0.001 s, average=0.001 s; distance=12 kB, estimate=12 kB; lsn=0/41D04AD0, redo lsn=0/41D04A98
2024-05-08 16:54:11.028 PDT [4998] LOG:  statement: 
	                    SELECT car_id
	                    FROM Cars
	                    WHERE (make::text like '%Subaru%' and model::text like '%impreza%' and year::text like '%%')
	                
2024-05-08 16:54:11.071 PDT [4998] LOG:  statement: 
	                    SELECT * FROM Cars limit 5
	                
2024-05-08 16:54:20.131 PDT [4998] LOG:  statement: 
	                    SELECT car_id
	                    FROM Cars
	                    WHERE (make::text like '%Subaru%' and model::text like '%Impreza%' and year::text like '%%')
	                
2024-05-08 16:54:20.176 PDT [4998] LOG:  statement: 
	                    SELECT * FROM Cars WHERE car_id = 2689
	                
2024-05-08 16:54:20.176 PDT [4998] LOG:  statement: 
	                    SELECT * FROM Cars WHERE car_id = 3461
	                
2024-05-08 16:54:20.177 PDT [4998] LOG:  statement: 
	                    SELECT * FROM Cars WHERE car_id = 3487
	                
2024-05-08 16:54:20.177 PDT [4998] LOG:  statement: 
	                    SELECT * FROM Cars WHERE car_id = 3581
	                
2024-05-08 16:54:20.177 PDT [4998] LOG:  statement: 
	                    SELECT * FROM Cars WHERE car_id = 3782
	                
2024-05-08 16:54:43.326 PDT [4998] LOG:  statement: 
	                    SELECT car_id
	                    FROM Cars
	                    WHERE (make::text like '%Subaru%' and model::text like '%Impreza%' and year::text like '%2012%')
	                
2024-05-08 16:54:43.368 PDT [4998] LOG:  statement: 
	                    SELECT * FROM Cars WHERE car_id = 9079
	                
2024-05-08 16:54:43.369 PDT [4998] LOG:  statement: 
	                    SELECT * FROM Cars WHERE car_id = 9090
	                
2024-05-08 16:54:43.369 PDT [4998] LOG:  statement: 
	                    SELECT * FROM Cars WHERE car_id = 9098
	                
2024-05-08 16:54:43.369 PDT [4998] LOG:  statement: 
	                    SELECT * FROM Cars WHERE car_id = 54901
	                
2024-05-08 16:54:43.370 PDT [4998] LOG:  statement: 
	                    SELECT * FROM Cars WHERE car_id = 57616
	                
2024-05-08 16:54:55.679 PDT [4998] LOG:  statement: 
	                    SELECT * FROM Seller WHERE seller_id = 8579
	                
2024-05-08 16:54:55.682 PDT [4998] LOG:  statement: 
	                    SELECT * FROM Details WHERE detail_id = 8080
	                
2024-05-08 16:55:37.522 PDT [4998] LOG:  statement: 
	            SELECT *
	            FROM Users
	            WHERE username = 'test2335'
	        
2024-05-08 16:55:37.524 PDT [4998] LOG:  statement: 
	            SELECT *
	            FROM Users
	            WHERE password = 'test'
	        
2024-05-08 16:55:37.524 PDT [4998] LOG:  statement: 
	                    SELECT user_id
	                    FROM Users
	                    WHERE username = 'test2335'
	                
2024-05-08 16:55:41.850 PDT [4998] LOG:  statement: 
	                    SELECT * FROM Users WHERE user_id = '341074'
	                
2024-05-08 16:55:44.704 PDT [4998] LOG:  statement: 
	                UPDATE Users
	                SET username = 'test2335'
	                WHERE user_id = '341074'
	            
2024-05-08 16:55:44.705 PDT [4998] LOG:  statement: COMMIT
2024-05-08 16:55:44.706 PDT [4998] LOG:  statement: BEGIN
2024-05-08 16:55:44.706 PDT [4998] LOG:  statement: 
	                UPDATE Users
	                SET password = 'test'
	                WHERE user_id = '341074'
	            
2024-05-08 16:55:44.706 PDT [4998] LOG:  statement: COMMIT
2024-05-08 16:55:44.707 PDT [4998] LOG:  statement: BEGIN
2024-05-08 16:55:44.707 PDT [4998] LOG:  statement: 
	                UPDATE Users
	                SET email = 'test@email.com'
	                WHERE user_id = '341074'
	            
2024-05-08 16:55:44.707 PDT [4998] LOG:  statement: COMMIT
2024-05-08 16:55:44.707 PDT [4998] LOG:  statement: BEGIN
2024-05-08 16:55:44.707 PDT [4998] LOG:  statement: 
	                UPDATE Users
	                SET city = 'sparks'
	                WHERE user_id = '341074'
	            
2024-05-08 16:55:44.707 PDT [4998] LOG:  statement: COMMIT
2024-05-08 16:55:44.707 PDT [4998] LOG:  statement: BEGIN
2024-05-08 16:55:44.707 PDT [4998] LOG:  statement: 
	                UPDATE Users
	                SET state = 'nevada'
	                WHERE user_id = '341074'
	            
2024-05-08 16:55:44.707 PDT [4998] LOG:  statement: COMMIT
2024-05-08 16:55:44.707 PDT [4998] LOG:  statement: BEGIN
2024-05-08 16:55:44.708 PDT [4998] LOG:  statement: 
	                UPDATE Users
	                SET zip_code = '89434'
	                WHERE user_id = '341074'
	            
2024-05-08 16:55:44.708 PDT [4998] LOG:  statement: COMMIT
2024-05-08 16:56:14.177 PDT [4998] LOG:  statement: BEGIN
2024-05-08 16:56:14.177 PDT [4998] LOG:  statement: 
	                    SELECT * FROM Seller WHERE seller_id = 8579
	                
2024-05-08 16:56:14.177 PDT [4998] LOG:  statement: 
	                    SELECT * FROM Details WHERE detail_id = 8080
	                
2024-05-08 16:56:15.938 PDT [4998] LOG:  statement: 
	            SELECT *
	            FROM Purchases
	            WHERE car_id = '9079'
	        
2024-05-08 16:56:15.940 PDT [4998] LOG:  statement: 
	            SELECT *
	            FROM Purchases
	            WHERE purchase_id = '1064625'
	        
2024-05-08 16:56:15.940 PDT [4998] LOG:  statement: 
	                INSERT INTO Purchases VALUES (1064625, 341074, 9079, '2024-05-08')
	            
2024-05-08 16:56:15.941 PDT [4998] LOG:  statement: COMMIT
2024-05-08 16:56:19.112 PDT [4998] LOG:  statement: BEGIN
2024-05-08 16:56:19.112 PDT [4998] LOG:  statement: 
	            SELECT *
	            FROM Purchases
	            WHERE car_id = '9079'
	        
2024-05-08 16:57:02.268 PDT [4998] LOG:  statement: 
	            SELECT *
	            FROM Users
	            WHERE user_id = '925843'
	        
2024-05-08 16:57:02.269 PDT [4998] LOG:  statement: 
	                INSERT INTO Users VALUES ('925843', 'lucasdavis2335', '@13Hundr', 'lucas@email.com', 'Spark', 'Nevada', '89434', True)
	            
2024-05-08 16:57:02.269 PDT [4998] LOG:  statement: COMMIT
2024-05-08 16:57:13.399 PDT [4998] LOG:  statement: BEGIN
2024-05-08 16:57:13.399 PDT [4998] LOG:  statement: 
	            SELECT *
	            FROM Users
	            WHERE username = 'lucas2335'
	        
2024-05-08 16:57:25.770 PDT [4998] LOG:  statement: 
	            SELECT *
	            FROM Users
	            WHERE username = 'lucasdavis2335'
	        
2024-05-08 16:57:25.771 PDT [4998] LOG:  statement: 
	            SELECT *
	            FROM Users
	            WHERE password = '@13Hundr'
	        
2024-05-08 16:57:25.771 PDT [4998] LOG:  statement: 
	                    SELECT user_id
	                    FROM Users
	                    WHERE username = 'lucasdavis2335'
	                
2024-05-08 16:57:27.845 PDT [4998] LOG:  statement: 
	                    SELECT * FROM Seller WHERE seller_id = 8579
	                
2024-05-08 16:57:27.846 PDT [4998] LOG:  statement: 
	                    SELECT * FROM Details WHERE detail_id = 8080
	                
2024-05-08 16:57:29.635 PDT [4998] LOG:  statement: 
	            SELECT *
	            FROM Purchases
	            WHERE car_id = '9079'
	        
2024-05-08 16:57:37.761 PDT [4998] LOG:  statement: 
	                    SELECT * FROM Seller WHERE seller_id = 8590
	                
2024-05-08 16:57:37.761 PDT [4998] LOG:  statement: 
	                    SELECT * FROM Details WHERE detail_id = 8091
	                
2024-05-08 16:57:38.836 PDT [4998] LOG:  statement: 
	            SELECT *
	            FROM Purchases
	            WHERE car_id = '9090'
	        
2024-05-08 16:57:38.837 PDT [4998] LOG:  statement: 
	            SELECT *
	            FROM Purchases
	            WHERE purchase_id = '7652447'
	        
2024-05-08 16:57:38.837 PDT [4998] LOG:  statement: 
	                INSERT INTO Purchases VALUES (7652447, 925843, 9090, '2024-05-08')
	            
2024-05-08 16:57:38.838 PDT [4998] LOG:  statement: COMMIT
2024-05-08 16:57:40.884 PDT [4998] LOG:  statement: BEGIN
2024-05-08 16:57:40.884 PDT [4998] LOG:  statement: 
	            SELECT *
	            FROM Purchases
	            WHERE car_id = '9090'
	        
2024-05-08 16:57:47.747 PDT [4998] LOG:  statement: 
	            SELECT *
	            FROM Purchases
	            WHERE user_id = '925843'
	        
2024-05-08 16:57:47.748 PDT [4998] LOG:  statement: 
	                UPDATE Users
	                SET Active = False
	                WHERE user_id = '925843'
	            
2024-05-08 16:57:47.749 PDT [4998] LOG:  statement: COMMIT
2024-05-08 16:57:55.480 PDT [4998] LOG:  statement: BEGIN
2024-05-08 16:57:55.480 PDT [4998] LOG:  statement: 
	            SELECT *
	            FROM Users
	            WHERE username = 'lucasdavis2335'
	        
2024-05-08 16:57:55.480 PDT [4998] LOG:  statement: 
	            SELECT *
	            FROM Users
	            WHERE password = '@13Hundr'
	        
2024-05-08 16:57:55.480 PDT [4998] LOG:  statement: 
	                    SELECT user_id
	                    FROM Users
	                    WHERE username = 'lucasdavis2335'
	                
2024-05-08 16:58:09.748 PDT [4998] LOG:  statement: 
	            SELECT *
	            FROM Users
	            WHERE username = 'test2335'
	        
2024-05-08 16:58:09.749 PDT [4998] LOG:  statement: 
	            SELECT *
	            FROM Users
	            WHERE password = 'test'
	        
2024-05-08 16:58:09.749 PDT [4998] LOG:  statement: 
	                    SELECT user_id
	                    FROM Users
	                    WHERE username = 'test2335'
	                
2024-05-08 16:58:12.698 PDT [4998] LOG:  statement: 
	                    SELECT * FROM Seller WHERE seller_id = 8590
	                
2024-05-08 16:58:12.699 PDT [4998] LOG:  statement: 
	                    SELECT * FROM Details WHERE detail_id = 8091
	                
2024-05-08 16:58:17.944 PDT [4998] LOG:  statement: 
	            SELECT *
	            FROM Purchases
	            WHERE car_id = '9090'
	        
2024-05-08 16:58:48.323 PDT [4190] LOG:  checkpoint starting: time
2024-05-08 16:58:48.833 PDT [4190] LOG:  checkpoint complete: wrote 6 buffers (0.0%); 0 WAL file(s) added, 0 removed, 0 recycled; write=0.506 s, sync=0.002 s, total=0.510 s; sync files=6, longest=0.001 s, average=0.001 s; distance=13 kB, estimate=13 kB; lsn=0/41D08038, redo lsn=0/41D07FE8
